                                        
                           Design Compiler Graphical 
                                 DC Ultra (TM)
                                  DFTMAX (TM)
                              Power Compiler (TM)
                                 DesignWare (R)
                                 DC Expert (TM)
                               Design Vision (TM)
                               HDL Compiler (TM)
                               VHDL Compiler (TM)
                                  DFT Compiler
                               Design Compiler(R)
                                        
                 Version K-2015.06 for linux64 - May 28, 2015 
                                        
                    Copyright (c) 1988 - 2015 Synopsys, Inc.
   This software and the associated documentation are proprietary to Synopsys,
 Inc. This software may only be used in accordance with the terms and conditions
 of a written license agreement with Synopsys, Inc. All other use, reproduction,
            or distribution of this software is strictly prohibited.
Initializing...
Initializing gui preferences from file  /home/IC/.synopsys_dv_prefs.tcl
########################### Define Top Module ############################
set top_module top
top
##################### Define Working Library Directory ######################
define_design_lib work -path ./work
1
########################### Formality Setup file ############################
set_svf top.svf
1
################## Design Compiler Library Files #setup ######################
lappend search_path /home/IC/Labs/UART_TX_ASIC/std_cells
. /opt/Synopsys/Synplify2015/libraries/syn /opt/Synopsys/Synplify2015/minpower/syn /opt/Synopsys/Synplify2015/dw/syn_ver /opt/Synopsys/Synplify2015/dw/sim_ver /home/IC/Labs/UART_TX_ASIC/std_cells
lappend search_path /home/IC/Labs/UART_TX_ASIC/rtl
. /opt/Synopsys/Synplify2015/libraries/syn /opt/Synopsys/Synplify2015/minpower/syn /opt/Synopsys/Synplify2015/dw/syn_ver /opt/Synopsys/Synplify2015/dw/sim_ver /home/IC/Labs/UART_TX_ASIC/std_cells /home/IC/Labs/UART_TX_ASIC/rtl
set SSLIB "scmetro_tsmc_cl013g_rvt_ss_1p08v_125c.db"
scmetro_tsmc_cl013g_rvt_ss_1p08v_125c.db
set TTLIB "scmetro_tsmc_cl013g_rvt_tt_1p2v_25c.db"
scmetro_tsmc_cl013g_rvt_tt_1p2v_25c.db
set FFLIB "scmetro_tsmc_cl013g_rvt_ff_1p32v_m40c.db"
scmetro_tsmc_cl013g_rvt_ff_1p32v_m40c.db
## Standard Cell libraries 
set target_library [list $SSLIB $TTLIB $FFLIB]
scmetro_tsmc_cl013g_rvt_ss_1p08v_125c.db scmetro_tsmc_cl013g_rvt_tt_1p2v_25c.db scmetro_tsmc_cl013g_rvt_ff_1p32v_m40c.db
## Standard Cell & Hard Macros libraries 
set link_library [list * $SSLIB $TTLIB $FFLIB]  
* scmetro_tsmc_cl013g_rvt_ss_1p08v_125c.db scmetro_tsmc_cl013g_rvt_tt_1p2v_25c.db scmetro_tsmc_cl013g_rvt_ff_1p32v_m40c.db
#echo "###############################################"
#echo "############# Reading RTL Files  ##############"
#echo "###############################################"
set file_format verilog
verilog
read_file -format $file_format top.v
Loading db file '/home/IC/Labs/UART_TX_ASIC/std_cells/scmetro_tsmc_cl013g_rvt_ss_1p08v_125c.db'
Loading db file '/home/IC/Labs/UART_TX_ASIC/std_cells/scmetro_tsmc_cl013g_rvt_tt_1p2v_25c.db'
Loading db file '/home/IC/Labs/UART_TX_ASIC/std_cells/scmetro_tsmc_cl013g_rvt_ff_1p32v_m40c.db'
Loading db file '/opt/Synopsys/Synplify2015/libraries/syn/gtech.db'
Loading db file '/opt/Synopsys/Synplify2015/libraries/syn/standard.sldb'
  Loading link library 'scmetro_tsmc_cl013g_rvt_ss_1p08v_125c'
  Loading link library 'scmetro_tsmc_cl013g_rvt_tt_1p2v_25c'
  Loading link library 'scmetro_tsmc_cl013g_rvt_ff_1p32v_m40c'
  Loading link library 'gtech'
Loading verilog file '/home/IC/Labs/UART_TX_ASIC/rtl/top.v'
Detecting input file type automatically (-rtl or -netlist).
Reading with Presto HDL Compiler (equivalent to -rtl option).
Running PRESTO HDLC
Compiling source file /home/IC/Labs/UART_TX_ASIC/rtl/top.v
Presto compilation completed successfully.
Current design is now '/home/IC/Labs/UART_TX_ASIC/rtl/top.db:top'
Loaded 1 design.
Current design is 'top'.
top
read_file -format $file_format mux.v
Loading verilog file '/home/IC/Labs/UART_TX_ASIC/rtl/mux.v'
Detecting input file type automatically (-rtl or -netlist).
Reading with Presto HDL Compiler (equivalent to -rtl option).
Running PRESTO HDLC
Compiling source file /home/IC/Labs/UART_TX_ASIC/rtl/mux.v

Statistics for case statements in always block at line 9 in file
	'/home/IC/Labs/UART_TX_ASIC/rtl/mux.v'
===============================================
|           Line           |  full/ parallel  |
===============================================
|            10            |    auto/auto     |
===============================================
Presto compilation completed successfully.
Current design is now '/home/IC/Labs/UART_TX_ASIC/rtl/mux.db:mux'
Loaded 1 design.
Current design is 'mux'.
mux
read_file -format $file_format FSM.v
Loading verilog file '/home/IC/Labs/UART_TX_ASIC/rtl/FSM.v'
Detecting input file type automatically (-rtl or -netlist).
Reading with Presto HDL Compiler (equivalent to -rtl option).
Running PRESTO HDLC
Compiling source file /home/IC/Labs/UART_TX_ASIC/rtl/FSM.v

Statistics for case statements in always block at line 37 in file
	'/home/IC/Labs/UART_TX_ASIC/rtl/FSM.v'
===============================================
|           Line           |  full/ parallel  |
===============================================
|            39            |    auto/auto     |
===============================================

Statistics for case statements in always block at line 78 in file
	'/home/IC/Labs/UART_TX_ASIC/rtl/FSM.v'
===============================================
|           Line           |  full/ parallel  |
===============================================
|            80            |    auto/auto     |
===============================================

Inferred memory devices in process
	in routine FSM line 25 in file
		'/home/IC/Labs/UART_TX_ASIC/rtl/FSM.v'.
===============================================================================
|    Register Name    |   Type    | Width | Bus | MB | AR | AS | SR | SS | ST |
===============================================================================
|  current_state_reg  | Flip-flop |   4   |  Y  | N  | Y  | N  | N  | N  | N  |
===============================================================================
Presto compilation completed successfully.
Current design is now '/home/IC/Labs/UART_TX_ASIC/rtl/FSM.db:FSM'
Loaded 1 design.
Current design is 'FSM'.
FSM
read_file -format $file_format Parity.v
Loading verilog file '/home/IC/Labs/UART_TX_ASIC/rtl/Parity.v'
Detecting input file type automatically (-rtl or -netlist).
Reading with Presto HDL Compiler (equivalent to -rtl option).
Running PRESTO HDLC
Compiling source file /home/IC/Labs/UART_TX_ASIC/rtl/Parity.v
Warning:  /home/IC/Labs/UART_TX_ASIC/rtl/Parity.v:21: signed to unsigned assignment occurs. (VER-318)
Warning:  /home/IC/Labs/UART_TX_ASIC/rtl/Parity.v:25: signed to unsigned assignment occurs. (VER-318)

Inferred memory devices in process
	in routine Parity line 11 in file
		'/home/IC/Labs/UART_TX_ASIC/rtl/Parity.v'.
===============================================================================
|    Register Name    |   Type    | Width | Bus | MB | AR | AS | SR | SS | ST |
===============================================================================
|       par_reg       | Flip-flop |   1   |  N  | N  | Y  | N  | N  | N  | N  |
===============================================================================
Presto compilation completed successfully.
Current design is now '/home/IC/Labs/UART_TX_ASIC/rtl/Parity.db:Parity'
Loaded 1 design.
Current design is 'Parity'.
Parity
read_file -format $file_format serializer.v
Loading verilog file '/home/IC/Labs/UART_TX_ASIC/rtl/serializer.v'
Detecting input file type automatically (-rtl or -netlist).
Reading with Presto HDL Compiler (equivalent to -rtl option).
Running PRESTO HDLC
Compiling source file /home/IC/Labs/UART_TX_ASIC/rtl/serializer.v
Warning:  /home/IC/Labs/UART_TX_ASIC/rtl/serializer.v:48: signed to unsigned assignment occurs. (VER-318)

Inferred memory devices in process
	in routine serializer line 17 in file
		'/home/IC/Labs/UART_TX_ASIC/rtl/serializer.v'.
===============================================================================
|    Register Name    |   Type    | Width | Bus | MB | AR | AS | SR | SS | ST |
===============================================================================
|     counter_reg     | Flip-flop |  32   |  Y  | N  | Y  | N  | N  | N  | N  |
|  parrllel_data_reg  | Flip-flop |   8   |  Y  | N  | N  | N  | N  | N  | N  |
|    ser_data_reg     | Flip-flop |   1   |  N  | N  | N  | Y  | N  | N  | N  |
|    valid_reg_reg    | Flip-flop |   1   |  N  | N  | Y  | N  | N  | N  | N  |
===============================================================================
Statistics for MUX_OPs
===========================================================
| block name/line  | Inputs | Outputs | # sel inputs | MB |
===========================================================
|  serializer/33   |   8    |    1    |      3       | N  |
===========================================================
Presto compilation completed successfully.
Current design is now '/home/IC/Labs/UART_TX_ASIC/rtl/serializer.db:serializer'
Loaded 1 design.
Current design is 'serializer'.
serializer
#top Files
###################### Defining toplevel ###################################
current_design $top_module
Current design is 'top'.
{top}
#################### Liniking All The Design Parts #########################
puts "###############################################"
###############################################
puts "######## Liniking All The Design Parts ########"
######## Liniking All The Design Parts ########
puts "###############################################"
###############################################
link 

  Linking design 'top'
  Using the following designs and libraries:
  --------------------------------------------------------------------------
  * (5 designs)               /home/IC/Labs/UART_TX_ASIC/rtl/top.db, etc
  scmetro_tsmc_cl013g_rvt_ss_1p08v_125c (library) /home/IC/Labs/UART_TX_ASIC/std_cells/scmetro_tsmc_cl013g_rvt_ss_1p08v_125c.db
  scmetro_tsmc_cl013g_rvt_tt_1p2v_25c (library) /home/IC/Labs/UART_TX_ASIC/std_cells/scmetro_tsmc_cl013g_rvt_tt_1p2v_25c.db
  scmetro_tsmc_cl013g_rvt_ff_1p32v_m40c (library) /home/IC/Labs/UART_TX_ASIC/std_cells/scmetro_tsmc_cl013g_rvt_ff_1p32v_m40c.db

1
#################### Liniking All The Design Parts #########################
puts "###############################################"
###############################################
puts "######## checking design consistency ##########"
######## checking design consistency ##########
puts "###############################################"
###############################################
check_design
 
****************************************
check_design summary:
Version:     K-2015.06
Date:        Wed Aug 28 08:53:26 2024
****************************************

                   Name                                            Total
--------------------------------------------------------------------------------
Cells                                                               3
    Cells do not drive (LINT-1)                                     1
    Connected to power or ground (LINT-32)                          2
--------------------------------------------------------------------------------

Warning: In design 'serializer', cell 'C503' does not drive any nets. (LINT-1)
Warning: In design 'top', a pin on submodule 'DUT_4' is connected to logic 1 or logic 0. (LINT-32)
   Pin 'start_bit' is connected to logic 0. 
Warning: In design 'top', a pin on submodule 'DUT_4' is connected to logic 1 or logic 0. (LINT-32)
   Pin 'stop_bit' is connected to logic 1. 
1
############################### Path groups ################################
puts "###############################################"
###############################################
puts "################ Path groups ##################"
################ Path groups ##################
puts "###############################################"
###############################################
group_path -name INREG -from [all_inputs]
1
group_path -name REGOUT -to [all_outputs]
1
group_path -name INOUT -from [all_inputs] -to [all_outputs]
1
# #################### Define Design Constraints #########################
puts "###############################################"
###############################################
puts "############ Design Constraints #### ##########"
############ Design Constraints #### ##########
puts "###############################################"
###############################################
####################################################################################
#########################################################
#### Section 1 : Clock Definition ####
#########################################################
#################################################################################### 
set CLK_NAME MASTER_CLK
MASTER_CLK
set CLK_PER 8680
8680
set CLK_SETUP_SKEW 0.25
0.25
set CLK_HOLD_SKEW 0.05
0.05
set CLK_LAT 0
0
set CLK_RISE 0.1
0.1
set CLK_FALL 0.1
0.1
set in1_delay  [expr 0.3*$CLK_PER]
2604.0
set out1_delay [expr 0.3*$CLK_PER]
2604.0
#/* -------------------------------------------------------------------------- */
#/*                             ###### create clock                            */
#/* -------------------------------------------------------------------------- */
create_clock -name $CLK_NAME -period $CLK_PER -waveform "0 [expr $CLK_PER/2]" [get_ports clk]
1
set_clock_uncertainty -setup $CLK_SETUP_SKEW [get_clock $CLK_NAME]
1
set_clock_uncertainty -hold $CLK_HOLD_SKEW  [get_clock $CLK_NAME]
1
set_clock_transition -rise $CLK_RISE  [get_clock $CLK_NAME]
1
set_clock_transition -fall $CLK_FALL  [get_clock $CLK_NAME]
1
set_clock_latency $CLK_LAT [get_clock $CLK_NAME]
1
#/* -------------------------------------------------------------------------- */
#/*                            Constrain Input Paths                          */
#/* -------------------------------------------------------------------------- */
set_input_delay $in1_delay -clock MASTER_CLK [get_port Data_valid]
1
set_input_delay $in1_delay -clock MASTER_CLK [get_port P_data]
1
set_input_delay $in1_delay -clock MASTER_CLK [get_port Par_type]
1
set_input_delay $in1_delay -clock MASTER_CLK [get_port Par_en]
1
#/* -------------------------------------------------------------------------- */
#/*                          Constrain Output Paths                        */
#/* -------------------------------------------------------------------------- */
set_output_delay $out1_delay -clock MASTER_CLK [get_port Busy]
1
set_output_delay $out1_delay -clock MASTER_CLK [get_port TX_out]
1
####################################################################################
#########################################################
#### Section 4 : Driving cells ####
#########################################################
####################################################################################
set_driving_cell -library scmetro_tsmc_cl013g_rvt_ss_1p08v_125c -lib_cell BUFX2M -pin Y [get_port clk]
Warning: Design rule attributes from the driving cell will be
	set on the port. (UID-401)
1
set_driving_cell -library scmetro_tsmc_cl013g_rvt_ss_1p08v_125c -lib_cell BUFX2M -pin Y [get_port rst]
Warning: Design rule attributes from the driving cell will be
	set on the port. (UID-401)
1
set_driving_cell -library scmetro_tsmc_cl013g_rvt_ss_1p08v_125c -lib_cell BUFX2M -pin Y [get_port Data_valid]
Warning: Design rule attributes from the driving cell will be
	set on the port. (UID-401)
1
set_driving_cell -library scmetro_tsmc_cl013g_rvt_ss_1p08v_125c -lib_cell BUFX2M -pin Y [get_port P_data]
Warning: Design rule attributes from the driving cell will be
	set on the port. (UID-401)
Warning: Design rule attributes from the driving cell will be
	set on the port. (UID-401)
Warning: Design rule attributes from the driving cell will be
	set on the port. (UID-401)
Warning: Design rule attributes from the driving cell will be
	set on the port. (UID-401)
Warning: Design rule attributes from the driving cell will be
	set on the port. (UID-401)
Warning: Design rule attributes from the driving cell will be
	set on the port. (UID-401)
Warning: Design rule attributes from the driving cell will be
	set on the port. (UID-401)
Warning: Design rule attributes from the driving cell will be
	set on the port. (UID-401)
1
set_driving_cell -library scmetro_tsmc_cl013g_rvt_ss_1p08v_125c -lib_cell BUFX2M -pin Y [get_port Par_type]
Warning: Design rule attributes from the driving cell will be
	set on the port. (UID-401)
1
set_driving_cell -library scmetro_tsmc_cl013g_rvt_ss_1p08v_125c -lib_cell BUFX2M -pin Y [get_port Par_en]
Warning: Design rule attributes from the driving cell will be
	set on the port. (UID-401)
1
###################################################################################
#########################################################
#### Section 5 : Output load ####
#########################################################
####################################################################################
set_load 0.5 [get_port Busy]
1
set_load 0.5 [get_port TX_out]
1
# dont touch
set_dont_touch_network [get_clocks MASTER_CLK]
1
####################################################################################
#########################################################
#### Section 6 : Operating Condition ####
#########################################################
####################################################################################
# Define the Worst Library for Max(#setup) analysis
# Define the Best Library for Min(hold) analysis
set_operating_conditions -min_library "scmetro_tsmc_cl013g_rvt_ff_1p32v_m40c" -min "scmetro_tsmc_cl013g_rvt_ff_1p32v_m40c" -max_library "scmetro_tsmc_cl013g_rvt_ss_1p08v_125c" -max "scmetro_tsmc_cl013g_rvt_ss_1p08v_125c"
Using operating conditions 'scmetro_tsmc_cl013g_rvt_ss_1p08v_125c' found in library 'scmetro_tsmc_cl013g_rvt_ss_1p08v_125c'.
Using operating conditions 'scmetro_tsmc_cl013g_rvt_ff_1p32v_m40c' found in library 'scmetro_tsmc_cl013g_rvt_ff_1p32v_m40c'.
1
####################################################################################
#########################################################
#### Section 7 : wireload Model ####
#########################################################
####################################################################################
set_wire_load_model -name tsmc13_wl30 -library scmetro_tsmc_cl013g_rvt_ss_1p08v_125c
1
###################### Mapping and optimization ########################
puts "###############################################"
###############################################
puts "########## Mapping & Optimization #############"
########## Mapping & Optimization #############
puts "###############################################"
###############################################
compile -map_effort high 
Information: Evaluating DesignWare library utilization. (UISN-27)

============================================================================
| DesignWare Building Block Library  |         Version         | Available |
============================================================================
| Basic DW Building Blocks           | K-2015.06-DWBB_201506.0 |     *     |
| Licensed DW Building Blocks        |                         |           |
============================================================================


Information: There are 3 potential problems in your design. Please run 'check_design' for more information. (LINT-99)


Warning: Operating condition scmetro_tsmc_cl013g_rvt_ss_1p08v_125c set on design top has different process,
voltage and temperatures parameters than the parameters at which target library 
scmetro_tsmc_cl013g_rvt_tt_1p2v_25c is characterized. Delays may be inaccurate as a result. (OPT-998)

  Beginning Pass 1 Mapping
  ------------------------
  Processing 'serializer'
  Processing 'mux'
  Processing 'FSM'
Information: The register 'current_state_reg[3]' is a constant and will be removed. (OPT-1206)
  Processing 'Parity'
  Processing 'top'

  Updating timing information
Information: Updating design information... (UID-85)

  Beginning Implementation Selection
  ----------------------------------
  Processing 'serializer_DW01_inc_0'

  Beginning Mapping Optimizations  (High effort)
  -------------------------------
  Mapping Optimization (Phase 1)

                                  TOTAL                                      
   ELAPSED            WORST NEG   SETUP    DESIGN                            
    TIME      AREA      SLACK     COST    RULE COST         ENDPOINT         
  --------- --------- --------- --------- --------- -------------------------
    0:00:02   76222.6      0.00       0.0       1.6                          
    0:00:02   76222.6      0.00       0.0       1.6                          
    0:00:02   76222.6      0.00       0.0       1.6                          
    0:00:02   76222.6      0.00       0.0       1.6                          
    0:00:02   76222.6      0.00       0.0       1.6                          
    0:00:02   73209.1      0.00       0.0       1.6                          
    0:00:02   73207.9      0.00       0.0       1.6                          
    0:00:02   73207.9      0.00       0.0       1.6                          
    0:00:02   73207.9      0.00       0.0       1.6                          
    0:00:02   73207.9      0.00       0.0       1.6                          
    0:00:02   73207.9      0.00       0.0       1.6                          
    0:00:02   73337.3      0.00       0.0       0.0                          
    0:00:02   73337.3      0.00       0.0       0.0                          
    0:00:02   73337.3      0.00       0.0       0.0                          
    0:00:02   73337.3      0.00       0.0       0.0                          



  Beginning Delay Optimization Phase
  ----------------------------------

                                  TOTAL                                      
   ELAPSED            WORST NEG   SETUP    DESIGN                            
    TIME      AREA      SLACK     COST    RULE COST         ENDPOINT         
  --------- --------- --------- --------- --------- -------------------------
    0:00:02   73337.3      0.00       0.0       0.0                          
    0:00:02   73337.3      0.00       0.0       0.0                          
    0:00:03   72757.3      0.00       0.0       3.1                          


  Beginning Design Rule Fixing  (max_transition)  (max_capacitance)
  ----------------------------

                                  TOTAL                                      
   ELAPSED            WORST NEG   SETUP    DESIGN                            
    TIME      AREA      SLACK     COST    RULE COST         ENDPOINT         
  --------- --------- --------- --------- --------- -------------------------
    0:00:03   72757.3      0.00       0.0       3.1                          
    0:00:03   72779.7      0.00       0.0       0.0                          


  Beginning Area-Recovery Phase  (cleanup)
  -----------------------------

                                  TOTAL                                      
   ELAPSED            WORST NEG   SETUP    DESIGN                            
    TIME      AREA      SLACK     COST    RULE COST         ENDPOINT         
  --------- --------- --------- --------- --------- -------------------------
    0:00:03   72779.7      0.00       0.0       0.0                          
    0:00:03   72779.7      0.00       0.0       0.0                          
    0:00:03   72347.9      0.00       0.0       0.0                          
    0:00:03   72058.5      0.00       0.0       0.0                          
    0:00:03   71913.8      0.00       0.0       0.0                          
    0:00:03   71769.1      0.00       0.0       0.0                          
    0:00:03   71623.2      0.00       0.0       0.0                          
    0:00:03   71623.2      0.00       0.0       0.0                          
    0:00:03   71623.2      0.00       0.0       0.0                          
    0:00:03   71623.2      0.00       0.0       0.0                          
    0:00:03   71623.2      0.00       0.0       0.0                          
    0:00:03   71623.2      0.00       0.0       0.0                          
    0:00:03   71623.2      0.00       0.0       0.0                          
    0:00:03   71623.2      0.00       0.0       0.0                          
    0:00:03   71623.2      0.00       0.0       0.0                          
Loading db file '/home/IC/Labs/UART_TX_ASIC/std_cells/scmetro_tsmc_cl013g_rvt_ss_1p08v_125c.db'
Loading db file '/home/IC/Labs/UART_TX_ASIC/std_cells/scmetro_tsmc_cl013g_rvt_tt_1p2v_25c.db'
Loading db file '/home/IC/Labs/UART_TX_ASIC/std_cells/scmetro_tsmc_cl013g_rvt_ff_1p32v_m40c.db'


Note: Symbol # after min delay cost means estimated hold TNS across all active scenarios 


  Optimization Complete
  ---------------------
1
##################### Close Formality Setup file ###########################
set_svf -off
1
#############################################################################
# Write out Design after initial compile
#############################################################################
write_file -format verilog -hierarchy -output System_Top.v
Writing verilog file '/home/IC/Labs/UART_TX_ASIC/syn/System_Top.v'.
Warning: Verilog 'assign' or 'tran' statements are written out. (VO-4)
1
write_file -format ddc -hierarchy -output System_Top.ddc
Writing ddc file 'System_Top.ddc'.
1
write_sdc  -nosplit System_Top.sdc
1
write_sdf           System_Top.sdf
Information: Annotated 'cell' delays are assumed to include load delay. (UID-282)
Information: Writing timing information to file '/home/IC/Labs/UART_TX_ASIC/syn/System_Top.sdf'. (WT-3)
Information: Updating design information... (UID-85)
1
################# reporting #######################
report_area -hierarchy > area.rpt
report_power -hierarchy > power.rpt
report_timing -max_paths 100 -delay_type min > hold.rpt
report_timing -max_paths 100 -delay_type max > setup.rpt
report_clock -attributes > clocks.rpt
report_constraint -all_violators > constraints.rpt
################# starting graphical user interface #######################
gui_start
Current design is 'top'.
#exit
dc_shell> dc_shell> dc_shell> 